# JRE version: Java(TM) SE Runtime Environment (8.0_45-b14) (build 1.8.0_45-b14)
# Java VM: Java HotSpot(TM) 64-Bit Server VM (25.45-b02 mixed mode bsd-amd64 compressed oops)
Heap:
 PSYoungGen      total 38400K, used 26337K [0x00000007b0000000, 0x00000007b2a80000, 0x00000007c0000000)
  eden space 33280K, 63% used [0x00000007b0000000,0x00000007b14bdfb0,0x00000007b2080000)
  from space 5120K, 99% used [0x00000007b2580000,0x00000007b2a7a6f0,0x00000007b2a80000)
  to   space 5120K, 0% used [0x00000007b2080000,0x00000007b2080000,0x00000007b2580000)
 ParOldGen       total 43008K, used 8238K [0x0000000790000000, 0x0000000792a00000, 0x00000007b0000000)
  object space 43008K, 19% used [0x0000000790000000,0x000000079080baa8,0x0000000792a00000)
 Metaspace       used 29701K, capacity 29912K, committed 30208K, reserved 1075200K
  class space    used 5021K, capacity 5062K, committed 5120K, reserved 1048576K
GC Heap History (10 events):
Event: 20.833 GC heap before
{Heap before GC invocations=1 (full 0):
 PSYoungGen      total 38400K, used 33280K [0x00000007b0000000, 0x00000007b2a80000, 0x00000007c0000000)
  eden space 33280K, 100% used [0x00000007b0000000,0x00000007b2080000,0x00000007b2080000)
  from space 5120K, 0% used [0x00000007b2580000,0x00000007b2580000,0x00000007b2a80000)
  to   space 5120K, 0% used [0x00000007b2080000,0x00000007b2080000,0x00000007b2580000)
 ParOldGen       total 87552K, used 0K [0x0000000790000000, 0x0000000795580000, 0x00000007b0000000)
  object space 87552K, 0% used [0x0000000790000000,0x0000000790000000,0x0000000795580000)
 Metaspace       used 9734K, capacity 10662K, committed 10880K, reserved 1058816K
  class space    used 1535K, capacity 1590K, committed 1664K, reserved 1048576K
Event: 20.842 GC heap after
Heap after GC invocations=1 (full 0):
 PSYoungGen      total 38400K, used 5097K [0x00000007b0000000, 0x00000007b2a80000, 0x00000007c0000000)
  eden space 33280K, 0% used [0x00000007b0000000,0x00000007b0000000,0x00000007b2080000)
  from space 5120K, 99% used [0x00000007b2080000,0x00000007b257a648,0x00000007b2580000)
  to   space 5120K, 0% used [0x00000007b2580000,0x00000007b2580000,0x00000007b2a80000)
 ParOldGen       total 87552K, used 1166K [0x0000000790000000, 0x0000000795580000, 0x00000007b0000000)
  object space 87552K, 1% used [0x0000000790000000,0x00000007901238c8,0x0000000795580000)
 Metaspace       used 9734K, capacity 10662K, committed 10880K, reserved 1058816K
  class space    used 1535K, capacity 1590K, committed 1664K, reserved 1048576K
}
Event: 27.915 GC heap before
{Heap before GC invocations=2 (full 0):
 PSYoungGen      total 38400K, used 38377K [0x00000007b0000000, 0x00000007b2a80000, 0x00000007c0000000)
  eden space 33280K, 100% used [0x00000007b0000000,0x00000007b2080000,0x00000007b2080000)
  from space 5120K, 99% used [0x00000007b2080000,0x00000007b257a648,0x00000007b2580000)
  to   space 5120K, 0% used [0x00000007b2580000,0x00000007b2580000,0x00000007b2a80000)
 ParOldGen       total 87552K, used 1166K [0x0000000790000000, 0x0000000795580000, 0x00000007b0000000)
  object space 87552K, 1% used [0x0000000790000000,0x00000007901238c8,0x0000000795580000)
 Metaspace       used 15397K, capacity 15590K, committed 15744K, reserved 1062912K
  class space    used 2605K, capacity 2658K, committed 2688K, reserved 1048576K
Event: 27.925 GC heap after
Heap after GC invocations=2 (full 0):
 PSYoungGen      total 38400K, used 5117K [0x00000007b0000000, 0x00000007b2a80000, 0x00000007c0000000)
  eden space 33280K, 0% used [0x00000007b0000000,0x00000007b0000000,0x00000007b2080000)
  from space 5120K, 99% used [0x00000007b2580000,0x00000007b2a7f710,0x00000007b2a80000)
  to   space 5120K, 0% used [0x00000007b2080000,0x00000007b2080000,0x00000007b2580000)
 ParOldGen       total 87552K, used 2358K [0x0000000790000000, 0x0000000795580000, 0x00000007b0000000)
  object space 87552K, 2% used [0x0000000790000000,0x000000079024d988,0x0000000795580000)
 Metaspace       used 15397K, capacity 15590K, committed 15744K, reserved 1062912K
  class space    used 2605K, capacity 2658K, committed 2688K, reserved 1048576K
}
Event: 29.532 GC heap before
{Heap before GC invocations=3 (full 0):
 PSYoungGen      total 38400K, used 25650K [0x00000007b0000000, 0x00000007b2a80000, 0x00000007c0000000)
  eden space 33280K, 61% used [0x00000007b0000000,0x00000007b140d278,0x00000007b2080000)
  from space 5120K, 99% used [0x00000007b2580000,0x00000007b2a7f710,0x00000007b2a80000)
  to   space 5120K, 0% used [0x00000007b2080000,0x00000007b2080000,0x00000007b2580000)
 ParOldGen       total 87552K, used 2358K [0x0000000790000000, 0x0000000795580000, 0x00000007b0000000)
  object space 87552K, 2% used [0x0000000790000000,0x000000079024d988,0x0000000795580000)
 Metaspace       used 20961K, capacity 21158K, committed 21296K, reserved 1067008K
  class space    used 3645K, capacity 3682K, committed 3712K, reserved 1048576K
Event: 29.540 GC heap after
Heap after GC invocations=3 (full 0):
 PSYoungGen      total 38400K, used 5117K [0x00000007b0000000, 0x00000007b2a80000, 0x00000007c0000000)
  eden space 33280K, 0% used [0x00000007b0000000,0x00000007b0000000,0x00000007b2080000)
  from space 5120K, 99% used [0x00000007b2080000,0x00000007b257f750,0x00000007b2580000)
  to   space 5120K, 0% used [0x00000007b2580000,0x00000007b2580000,0x00000007b2a80000)
 ParOldGen       total 87552K, used 4673K [0x0000000790000000, 0x0000000795580000, 0x00000007b0000000)
  object space 87552K, 5% used [0x0000000790000000,0x0000000790490788,0x0000000795580000)
 Metaspace       used 20961K, capacity 21158K, committed 21296K, reserved 1067008K
  class space    used 3645K, capacity 3682K, committed 3712K, reserved 1048576K
}
Event: 29.540 GC heap before
{Heap before GC invocations=4 (full 1):
 PSYoungGen      total 38400K, used 5117K [0x00000007b0000000, 0x00000007b2a80000, 0x00000007c0000000)
  eden space 33280K, 0% used [0x00000007b0000000,0x00000007b0000000,0x00000007b2080000)
  from space 5120K, 99% used [0x00000007b2080000,0x00000007b257f750,0x00000007b2580000)
  to   space 5120K, 0% used [0x00000007b2580000,0x00000007b2580000,0x00000007b2a80000)
 ParOldGen       total 87552K, used 4673K [0x0000000790000000, 0x0000000795580000, 0x00000007b0000000)
  object space 87552K, 5% used [0x0000000790000000,0x0000000790490788,0x0000000795580000)
 Metaspace       used 20961K, capacity 21158K, committed 21296K, reserved 1067008K
  class space    used 3645K, capacity 3682K, committed 3712K, reserved 1048576K
Event: 29.571 GC heap after
Heap after GC invocations=4 (full 1):
 PSYoungGen      total 38400K, used 0K [0x00000007b0000000, 0x00000007b2a80000, 0x00000007c0000000)
  eden space 33280K, 0% used [0x00000007b0000000,0x00000007b0000000,0x00000007b2080000)
  from space 5120K, 0% used [0x00000007b2080000,0x00000007b2080000,0x00000007b2580000)
  to   space 5120K, 0% used [0x00000007b2580000,0x00000007b2580000,0x00000007b2a80000)
 ParOldGen       total 43008K, used 7141K [0x0000000790000000, 0x0000000792a00000, 0x00000007b0000000)
  object space 43008K, 16% used [0x0000000790000000,0x00000007906f9638,0x0000000792a00000)
 Metaspace       used 20961K, capacity 21158K, committed 21296K, reserved 1067008K
  class space    used 3645K, capacity 3682K, committed 3712K, reserved 1048576K
}
Event: 32.997 GC heap before
{Heap before GC invocations=5 (full 1):
 PSYoungGen      total 38400K, used 33280K [0x00000007b0000000, 0x00000007b2a80000, 0x00000007c0000000)
  eden space 33280K, 100% used [0x00000007b0000000,0x00000007b2080000,0x00000007b2080000)
  from space 5120K, 0% used [0x00000007b2080000,0x00000007b2080000,0x00000007b2580000)
  to   space 5120K, 0% used [0x00000007b2580000,0x00000007b2580000,0x00000007b2a80000)
 ParOldGen       total 43008K, used 7141K [0x0000000790000000, 0x0000000792a00000, 0x00000007b0000000)
  object space 43008K, 16% used [0x0000000790000000,0x00000007906f9638,0x0000000792a00000)
 Metaspace       used 25580K, capacity 25810K, committed 25984K, reserved 1071104K
  class space    used 4394K, capacity 4420K, committed 4480K, reserved 1048576K
Event: 33.002 GC heap after
Heap after GC invocations=5 (full 1):
 PSYoungGen      total 38400K, used 5097K [0x00000007b0000000, 0x00000007b2a80000, 0x00000007c0000000)
  eden space 33280K, 0% used [0x00000007b0000000,0x00000007b0000000,0x00000007b2080000)
  from space 5120K, 99% used [0x00000007b2580000,0x00000007b2a7a6f0,0x00000007b2a80000)
  to   space 5120K, 0% used [0x00000007b2080000,0x00000007b2080000,0x00000007b2580000)
 ParOldGen       total 43008K, used 8238K [0x0000000790000000, 0x0000000792a00000, 0x00000007b0000000)
  object space 43008K, 19% used [0x0000000790000000,0x000000079080baa8,0x0000000792a00000)
 Metaspace       used 25580K, capacity 25810K, committed 25984K, reserved 1071104K
  class space    used 4394K, capacity 4420K, committed 4480K, reserved 1048576K
}

